<?xml version="1.0" encoding="UTF-8"?>
<testsuite name="microserviceTrip.services.TripServiceTest" tests="2" skipped="0" failures="0" errors="0" timestamp="2022-03-17T12:15:55" hostname="F_WARMACHINE" time="1.809">
  <properties/>
  <testcase name="getTripNameTest()" classname="microserviceTrip.services.TripServiceTest" time="1.777"/>
  <testcase name="getTripPrices()" classname="microserviceTrip.services.TripServiceTest" time="0.028"/>
  <system-out><![CDATA[13:15:47.730 [Test worker] DEBUG org.springframework.test.context.BootstrapUtils - Instantiating CacheAwareContextLoaderDelegate from class [org.springframework.test.context.cache.DefaultCacheAwareContextLoaderDelegate]
13:15:47.780 [Test worker] DEBUG org.springframework.test.context.BootstrapUtils - Instantiating BootstrapContext using constructor [public org.springframework.test.context.support.DefaultBootstrapContext(java.lang.Class,org.springframework.test.context.CacheAwareContextLoaderDelegate)]
13:15:47.900 [Test worker] DEBUG org.springframework.test.context.BootstrapUtils - Instantiating TestContextBootstrapper for test class [microserviceTrip.services.TripServiceTest] from class [org.springframework.boot.test.context.SpringBootTestContextBootstrapper]
13:15:47.957 [Test worker] INFO org.springframework.boot.test.context.SpringBootTestContextBootstrapper - Neither @ContextConfiguration nor @ContextHierarchy found for test class [microserviceTrip.services.TripServiceTest], using SpringBootContextLoader
13:15:48.026 [Test worker] DEBUG org.springframework.test.context.support.AbstractContextLoader - Did not detect default resource location for test class [microserviceTrip.services.TripServiceTest]: class path resource [microserviceTrip/services/TripServiceTest-context.xml] does not exist
13:15:48.033 [Test worker] DEBUG org.springframework.test.context.support.AbstractContextLoader - Did not detect default resource location for test class [microserviceTrip.services.TripServiceTest]: class path resource [microserviceTrip/services/TripServiceTestContext.groovy] does not exist
13:15:48.038 [Test worker] INFO org.springframework.test.context.support.AbstractContextLoader - Could not detect default resource locations for test class [microserviceTrip.services.TripServiceTest]: no resource found for suffixes {-context.xml, Context.groovy}.
13:15:48.040 [Test worker] INFO org.springframework.test.context.support.AnnotationConfigContextLoaderUtils - Could not detect default configuration classes for test class [microserviceTrip.services.TripServiceTest]: TripServiceTest does not declare any static, non-private, non-final, nested classes annotated with @Configuration.
13:15:48.330 [Test worker] DEBUG org.springframework.test.context.support.ActiveProfilesUtils - Could not find an 'annotation declaring class' for annotation type [org.springframework.test.context.ActiveProfiles] and class [microserviceTrip.services.TripServiceTest]
13:15:48.562 [Test worker] DEBUG org.springframework.context.annotation.ClassPathScanningCandidateComponentProvider - Identified candidate component class: file [E:\Users\Francky Malliet\git\microserviceTrip\microserviceTrip\microservice-trip\build\classes\java\main\microserviceTrip\MicroserviceTripApplication.class]
13:15:48.565 [Test worker] INFO org.springframework.boot.test.context.SpringBootTestContextBootstrapper - Found @SpringBootConfiguration microserviceTrip.MicroserviceTripApplication for test class microserviceTrip.services.TripServiceTest
13:15:48.895 [Test worker] DEBUG org.springframework.boot.test.context.SpringBootTestContextBootstrapper - @TestExecutionListeners is not present for class [microserviceTrip.services.TripServiceTest]: using defaults.
13:15:48.897 [Test worker] INFO org.springframework.boot.test.context.SpringBootTestContextBootstrapper - Loaded default TestExecutionListener class names from location [META-INF/spring.factories]: [org.springframework.boot.test.autoconfigure.restdocs.RestDocsTestExecutionListener, org.springframework.boot.test.autoconfigure.web.client.MockRestServiceServerResetTestExecutionListener, org.springframework.boot.test.autoconfigure.web.servlet.MockMvcPrintOnlyOnFailureTestExecutionListener, org.springframework.boot.test.autoconfigure.web.servlet.WebDriverTestExecutionListener, org.springframework.boot.test.autoconfigure.webservices.client.MockWebServiceServerTestExecutionListener, org.springframework.boot.test.mock.mockito.MockitoTestExecutionListener, org.springframework.boot.test.mock.mockito.ResetMocksTestExecutionListener, org.springframework.test.context.web.ServletTestExecutionListener, org.springframework.test.context.support.DirtiesContextBeforeModesTestExecutionListener, org.springframework.test.context.event.ApplicationEventsTestExecutionListener, org.springframework.test.context.support.DependencyInjectionTestExecutionListener, org.springframework.test.context.support.DirtiesContextTestExecutionListener, org.springframework.test.context.transaction.TransactionalTestExecutionListener, org.springframework.test.context.jdbc.SqlScriptsTestExecutionListener, org.springframework.test.context.event.EventPublishingTestExecutionListener]
13:15:48.942 [Test worker] DEBUG org.springframework.boot.test.context.SpringBootTestContextBootstrapper - Skipping candidate TestExecutionListener [org.springframework.test.context.transaction.TransactionalTestExecutionListener] due to a missing dependency. Specify custom listener classes or make the default listener classes and their required dependencies available. Offending class: [org/springframework/transaction/interceptor/TransactionAttributeSource]
13:15:48.944 [Test worker] DEBUG org.springframework.boot.test.context.SpringBootTestContextBootstrapper - Skipping candidate TestExecutionListener [org.springframework.test.context.jdbc.SqlScriptsTestExecutionListener] due to a missing dependency. Specify custom listener classes or make the default listener classes and their required dependencies available. Offending class: [org/springframework/transaction/interceptor/TransactionAttribute]
13:15:48.944 [Test worker] INFO org.springframework.boot.test.context.SpringBootTestContextBootstrapper - Using TestExecutionListeners: [org.springframework.test.context.web.ServletTestExecutionListener@1a9e388a, org.springframework.test.context.support.DirtiesContextBeforeModesTestExecutionListener@200894e7, org.springframework.test.context.event.ApplicationEventsTestExecutionListener@613792f, org.springframework.boot.test.mock.mockito.MockitoTestExecutionListener@51f646e6, org.springframework.boot.test.autoconfigure.SpringBootDependencyInjectionTestExecutionListener@3a476e3a, org.springframework.test.context.support.DirtiesContextTestExecutionListener@5e0c6a39, org.springframework.test.context.event.EventPublishingTestExecutionListener@43cbaad6, org.springframework.boot.test.autoconfigure.restdocs.RestDocsTestExecutionListener@2069053f, org.springframework.boot.test.autoconfigure.web.client.MockRestServiceServerResetTestExecutionListener@215e99b6, org.springframework.boot.test.autoconfigure.web.servlet.MockMvcPrintOnlyOnFailureTestExecutionListener@1cbe7206, org.springframework.boot.test.autoconfigure.web.servlet.WebDriverTestExecutionListener@2bdf65d, org.springframework.boot.test.autoconfigure.webservices.client.MockWebServiceServerTestExecutionListener@6a155bc8, org.springframework.boot.test.mock.mockito.ResetMocksTestExecutionListener@3fd3ec15]
13:15:48.955 [Test worker] DEBUG org.springframework.test.context.support.AbstractDirtiesContextTestExecutionListener - Before test class: context [DefaultTestContext@38c2e297 testClass = TripServiceTest, testInstance = [null], testMethod = [null], testException = [null], mergedContextConfiguration = [WebMergedContextConfiguration@161ac0b2 testClass = TripServiceTest, locations = '{}', classes = '{class microserviceTrip.MicroserviceTripApplication}', contextInitializerClasses = '[]', activeProfiles = '{}', propertySourceLocations = '{}', propertySourceProperties = '{org.springframework.boot.test.context.SpringBootTestContextBootstrapper=true}', contextCustomizers = set[org.springframework.boot.test.autoconfigure.actuate.metrics.MetricsExportContextCustomizerFactory$DisableMetricExportContextCustomizer@1fa01c28, org.springframework.boot.test.autoconfigure.properties.PropertyMappingContextCustomizer@0, org.springframework.boot.test.autoconfigure.web.servlet.WebDriverContextCustomizerFactory$Customizer@5778dc78, org.springframework.boot.test.context.filter.ExcludeFilterContextCustomizer@414a4859, org.springframework.boot.test.json.DuplicateJsonObjectContextCustomizerFactory$DuplicateJsonObjectContextCustomizer@736a446a, org.springframework.boot.test.mock.mockito.MockitoContextCustomizer@0, org.springframework.boot.test.web.client.TestRestTemplateContextCustomizer@3347355b, org.springframework.boot.test.context.SpringBootTestArgs@1, org.springframework.boot.test.context.SpringBootTestWebEnvironment@759e43], resourceBasePath = 'src/main/webapp', contextLoader = 'org.springframework.boot.test.context.SpringBootContextLoader', parent = [null]], attributes = map['org.springframework.test.context.web.ServletTestExecutionListener.activateListener' -> true]], class annotated with @DirtiesContext [false] with mode [null].

  .   ____          _            __ _ _
 /\\ / ___'_ __ _ _(_)_ __  __ _ \ \ \ \
( ( )\___ | '_ | '_| | '_ \/ _` | \ \ \ \
 \\/  ___)| |_)| | | | | || (_| |  ) ) ) )
  '  |____| .__|_| |_|_| |_\__, | / / / /
 =========|_|==============|___/=/_/_/_/
 :: Spring Boot ::                (v2.6.3)

2022-03-17 13:15:50.018  INFO 28680 --- [    Test worker] m.services.TripServiceTest               : Starting TripServiceTest using Java 16.0.1 on F_WarMachine with PID 28680 (started by Francky Malliet in E:\Users\Francky Malliet\git\microserviceTrip\microserviceTrip\microservice-trip)
2022-03-17 13:15:50.020  INFO 28680 --- [    Test worker] m.services.TripServiceTest               : No active profile set, falling back to default profiles: default
2022-03-17 13:15:55.480  INFO 28680 --- [    Test worker] o.s.b.a.e.web.EndpointLinksResolver      : Exposing 1 endpoint(s) beneath base path '/actuator'
2022-03-17 13:15:55.669  INFO 28680 --- [    Test worker] m.services.TripServiceTest               : Started TripServiceTest in 6.594 seconds (JVM running for 11.184)
2022-03-17 13:15:57.737  INFO 28680 --- [    Test worker] microserviceTrip.services.TripService    : Adding new trip : Dancing Waves Cruse lines and Partners 915.99
2022-03-17 13:15:57.738  INFO 28680 --- [    Test worker] microserviceTrip.services.TripService    : Adding new trip : Holiday Travels 1185.99
2022-03-17 13:15:57.738  INFO 28680 --- [    Test worker] microserviceTrip.services.TripService    : Adding new trip : Live Free 563.99
2022-03-17 13:15:57.738  INFO 28680 --- [    Test worker] microserviceTrip.services.TripService    : Adding new trip : Dream Trips 831.99
2022-03-17 13:15:57.738  INFO 28680 --- [    Test worker] microserviceTrip.services.TripService    : Adding new trip : Live Free 773.99
]]></system-out>
  <system-err><![CDATA[]]></system-err>
</testsuite>
