<?xml version="1.0" encoding="UTF-8"?>
<testsuite name="microserviceTrip.services.TripServiceTest" tests="2" skipped="0" failures="0" errors="0" timestamp="2022-03-22T15:26:51" hostname="F_WARMACHINE" time="0.806">
  <properties/>
  <testcase name="getTripNameTest()" classname="microserviceTrip.services.TripServiceTest" time="0.789"/>
  <testcase name="getTripPrices()" classname="microserviceTrip.services.TripServiceTest" time="0.015"/>
  <system-out><![CDATA[16:26:44.555 [Test worker] DEBUG org.springframework.test.context.BootstrapUtils - Instantiating CacheAwareContextLoaderDelegate from class [org.springframework.test.context.cache.DefaultCacheAwareContextLoaderDelegate]
16:26:44.597 [Test worker] DEBUG org.springframework.test.context.BootstrapUtils - Instantiating BootstrapContext using constructor [public org.springframework.test.context.support.DefaultBootstrapContext(java.lang.Class,org.springframework.test.context.CacheAwareContextLoaderDelegate)]
16:26:44.721 [Test worker] DEBUG org.springframework.test.context.BootstrapUtils - Instantiating TestContextBootstrapper for test class [microserviceTrip.services.TripServiceTest] from class [org.springframework.boot.test.context.SpringBootTestContextBootstrapper]
16:26:44.762 [Test worker] INFO org.springframework.boot.test.context.SpringBootTestContextBootstrapper - Neither @ContextConfiguration nor @ContextHierarchy found for test class [microserviceTrip.services.TripServiceTest], using SpringBootContextLoader
16:26:44.778 [Test worker] DEBUG org.springframework.test.context.support.AbstractContextLoader - Did not detect default resource location for test class [microserviceTrip.services.TripServiceTest]: class path resource [microserviceTrip/services/TripServiceTest-context.xml] does not exist
16:26:44.780 [Test worker] DEBUG org.springframework.test.context.support.AbstractContextLoader - Did not detect default resource location for test class [microserviceTrip.services.TripServiceTest]: class path resource [microserviceTrip/services/TripServiceTestContext.groovy] does not exist
16:26:44.781 [Test worker] INFO org.springframework.test.context.support.AbstractContextLoader - Could not detect default resource locations for test class [microserviceTrip.services.TripServiceTest]: no resource found for suffixes {-context.xml, Context.groovy}.
16:26:44.783 [Test worker] INFO org.springframework.test.context.support.AnnotationConfigContextLoaderUtils - Could not detect default configuration classes for test class [microserviceTrip.services.TripServiceTest]: TripServiceTest does not declare any static, non-private, non-final, nested classes annotated with @Configuration.
16:26:44.935 [Test worker] DEBUG org.springframework.test.context.support.ActiveProfilesUtils - Could not find an 'annotation declaring class' for annotation type [org.springframework.test.context.ActiveProfiles] and class [microserviceTrip.services.TripServiceTest]
16:26:45.169 [Test worker] DEBUG org.springframework.context.annotation.ClassPathScanningCandidateComponentProvider - Identified candidate component class: file [E:\Users\Francky Malliet\git\microserviceTrip\microserviceTrip\microservice-trip\build\classes\java\main\microserviceTrip\MicroserviceTripApplication.class]
16:26:45.172 [Test worker] INFO org.springframework.boot.test.context.SpringBootTestContextBootstrapper - Found @SpringBootConfiguration microserviceTrip.MicroserviceTripApplication for test class microserviceTrip.services.TripServiceTest
16:26:45.500 [Test worker] DEBUG org.springframework.boot.test.context.SpringBootTestContextBootstrapper - @TestExecutionListeners is not present for class [microserviceTrip.services.TripServiceTest]: using defaults.
16:26:45.502 [Test worker] INFO org.springframework.boot.test.context.SpringBootTestContextBootstrapper - Loaded default TestExecutionListener class names from location [META-INF/spring.factories]: [org.springframework.boot.test.autoconfigure.restdocs.RestDocsTestExecutionListener, org.springframework.boot.test.autoconfigure.web.client.MockRestServiceServerResetTestExecutionListener, org.springframework.boot.test.autoconfigure.web.servlet.MockMvcPrintOnlyOnFailureTestExecutionListener, org.springframework.boot.test.autoconfigure.web.servlet.WebDriverTestExecutionListener, org.springframework.boot.test.autoconfigure.webservices.client.MockWebServiceServerTestExecutionListener, org.springframework.boot.test.mock.mockito.MockitoTestExecutionListener, org.springframework.boot.test.mock.mockito.ResetMocksTestExecutionListener, org.springframework.test.context.web.ServletTestExecutionListener, org.springframework.test.context.support.DirtiesContextBeforeModesTestExecutionListener, org.springframework.test.context.event.ApplicationEventsTestExecutionListener, org.springframework.test.context.support.DependencyInjectionTestExecutionListener, org.springframework.test.context.support.DirtiesContextTestExecutionListener, org.springframework.test.context.transaction.TransactionalTestExecutionListener, org.springframework.test.context.jdbc.SqlScriptsTestExecutionListener, org.springframework.test.context.event.EventPublishingTestExecutionListener]
16:26:45.556 [Test worker] DEBUG org.springframework.boot.test.context.SpringBootTestContextBootstrapper - Skipping candidate TestExecutionListener [org.springframework.test.context.transaction.TransactionalTestExecutionListener] due to a missing dependency. Specify custom listener classes or make the default listener classes and their required dependencies available. Offending class: [org/springframework/transaction/interceptor/TransactionAttributeSource]
16:26:45.558 [Test worker] DEBUG org.springframework.boot.test.context.SpringBootTestContextBootstrapper - Skipping candidate TestExecutionListener [org.springframework.test.context.jdbc.SqlScriptsTestExecutionListener] due to a missing dependency. Specify custom listener classes or make the default listener classes and their required dependencies available. Offending class: [org/springframework/transaction/interceptor/TransactionAttribute]
16:26:45.560 [Test worker] INFO org.springframework.boot.test.context.SpringBootTestContextBootstrapper - Using TestExecutionListeners: [org.springframework.test.context.web.ServletTestExecutionListener@73962da1, org.springframework.test.context.support.DirtiesContextBeforeModesTestExecutionListener@23cd4ed1, org.springframework.test.context.event.ApplicationEventsTestExecutionListener@2f2ac571, org.springframework.boot.test.mock.mockito.MockitoTestExecutionListener@67418378, org.springframework.boot.test.autoconfigure.SpringBootDependencyInjectionTestExecutionListener@25784114, org.springframework.test.context.support.DirtiesContextTestExecutionListener@6c8a38ac, org.springframework.test.context.event.EventPublishingTestExecutionListener@15f27901, org.springframework.boot.test.autoconfigure.restdocs.RestDocsTestExecutionListener@7e436284, org.springframework.boot.test.autoconfigure.web.client.MockRestServiceServerResetTestExecutionListener@19d4ecb9, org.springframework.boot.test.autoconfigure.web.servlet.MockMvcPrintOnlyOnFailureTestExecutionListener@24a6f877, org.springframework.boot.test.autoconfigure.web.servlet.WebDriverTestExecutionListener@221ab793, org.springframework.boot.test.autoconfigure.webservices.client.MockWebServiceServerTestExecutionListener@47a8b616, org.springframework.boot.test.mock.mockito.ResetMocksTestExecutionListener@79a72b7e]
16:26:45.573 [Test worker] DEBUG org.springframework.test.context.support.AbstractDirtiesContextTestExecutionListener - Before test class: context [DefaultTestContext@429be858 testClass = TripServiceTest, testInstance = [null], testMethod = [null], testException = [null], mergedContextConfiguration = [WebMergedContextConfiguration@5f7791fb testClass = TripServiceTest, locations = '{}', classes = '{class microserviceTrip.MicroserviceTripApplication}', contextInitializerClasses = '[]', activeProfiles = '{}', propertySourceLocations = '{}', propertySourceProperties = '{org.springframework.boot.test.context.SpringBootTestContextBootstrapper=true}', contextCustomizers = set[org.springframework.boot.test.autoconfigure.actuate.metrics.MetricsExportContextCustomizerFactory$DisableMetricExportContextCustomizer@76ed595, org.springframework.boot.test.autoconfigure.properties.PropertyMappingContextCustomizer@0, org.springframework.boot.test.autoconfigure.web.servlet.WebDriverContextCustomizerFactory$Customizer@2944de5e, org.springframework.boot.test.context.filter.ExcludeFilterContextCustomizer@1f153353, org.springframework.boot.test.json.DuplicateJsonObjectContextCustomizerFactory$DuplicateJsonObjectContextCustomizer@506fe3c7, org.springframework.boot.test.mock.mockito.MockitoContextCustomizer@0, org.springframework.boot.test.web.client.TestRestTemplateContextCustomizer@53378630, org.springframework.boot.test.context.SpringBootTestArgs@1, org.springframework.boot.test.context.SpringBootTestWebEnvironment@683635d2], resourceBasePath = 'src/main/webapp', contextLoader = 'org.springframework.boot.test.context.SpringBootContextLoader', parent = [null]], attributes = map['org.springframework.test.context.web.ServletTestExecutionListener.activateListener' -> true]], class annotated with @DirtiesContext [false] with mode [null].

  .   ____          _            __ _ _
 /\\ / ___'_ __ _ _(_)_ __  __ _ \ \ \ \
( ( )\___ | '_ | '_| | '_ \/ _` | \ \ \ \
 \\/  ___)| |_)| | | | | || (_| |  ) ) ) )
  '  |____| .__|_| |_|_| |_\__, | / / / /
 =========|_|==============|___/=/_/_/_/
 :: Spring Boot ::                (v2.6.3)

2022-03-22 16:26:46.543  INFO 20432 --- [    Test worker] m.services.TripServiceTest               : Starting TripServiceTest using Java 16.0.1 on F_WarMachine with PID 20432 (started by Francky Malliet in E:\Users\Francky Malliet\git\microserviceTrip\microserviceTrip\microservice-trip)
2022-03-22 16:26:46.546  INFO 20432 --- [    Test worker] m.services.TripServiceTest               : No active profile set, falling back to default profiles: default
2022-03-22 16:26:50.842  INFO 20432 --- [    Test worker] o.s.b.a.e.web.EndpointLinksResolver      : Exposing 1 endpoint(s) beneath base path '/actuator'
2022-03-22 16:26:50.918  INFO 20432 --- [    Test worker] m.services.TripServiceTest               : Started TripServiceTest in 5.161 seconds (JVM running for 8.754)
]]></system-out>
  <system-err><![CDATA[]]></system-err>
</testsuite>
