<?xml version="1.0" encoding="UTF-8"?>
<testsuite name="microserviceTrip.utilities.SleepUtilitiesTest" tests="1" skipped="0" failures="0" errors="0" timestamp="2022-04-13T10:21:47" hostname="F_WARMACHINE" time="0.208">
  <properties/>
  <testcase name="sleepTest()" classname="microserviceTrip.utilities.SleepUtilitiesTest" time="0.208"/>
  <system-out><![CDATA[2022-04-13 12:21:47.812  INFO 9184 --- [    Test worker] .b.t.c.SpringBootTestContextBootstrapper : Neither @ContextConfiguration nor @ContextHierarchy found for test class [microserviceTrip.utilities.SleepUtilitiesTest], using SpringBootContextLoader
2022-04-13 12:21:47.814  INFO 9184 --- [    Test worker] o.s.t.c.support.AbstractContextLoader    : Could not detect default resource locations for test class [microserviceTrip.utilities.SleepUtilitiesTest]: no resource found for suffixes {-context.xml, Context.groovy}.
2022-04-13 12:21:47.815  INFO 9184 --- [    Test worker] t.c.s.AnnotationConfigContextLoaderUtils : Could not detect default configuration classes for test class [microserviceTrip.utilities.SleepUtilitiesTest]: SleepUtilitiesTest does not declare any static, non-private, non-final, nested classes annotated with @Configuration.
2022-04-13 12:21:47.823  INFO 9184 --- [    Test worker] .b.t.c.SpringBootTestContextBootstrapper : Found @SpringBootConfiguration microserviceTrip.MicroserviceTripApplication for test class microserviceTrip.utilities.SleepUtilitiesTest
2022-04-13 12:21:47.826  INFO 9184 --- [    Test worker] .b.t.c.SpringBootTestContextBootstrapper : Loaded default TestExecutionListener class names from location [META-INF/spring.factories]: [org.springframework.boot.test.autoconfigure.restdocs.RestDocsTestExecutionListener, org.springframework.boot.test.autoconfigure.web.client.MockRestServiceServerResetTestExecutionListener, org.springframework.boot.test.autoconfigure.web.servlet.MockMvcPrintOnlyOnFailureTestExecutionListener, org.springframework.boot.test.autoconfigure.web.servlet.WebDriverTestExecutionListener, org.springframework.boot.test.autoconfigure.webservices.client.MockWebServiceServerTestExecutionListener, org.springframework.boot.test.mock.mockito.MockitoTestExecutionListener, org.springframework.boot.test.mock.mockito.ResetMocksTestExecutionListener, org.springframework.test.context.web.ServletTestExecutionListener, org.springframework.test.context.support.DirtiesContextBeforeModesTestExecutionListener, org.springframework.test.context.event.ApplicationEventsTestExecutionListener, org.springframework.test.context.support.DependencyInjectionTestExecutionListener, org.springframework.test.context.support.DirtiesContextTestExecutionListener, org.springframework.test.context.transaction.TransactionalTestExecutionListener, org.springframework.test.context.jdbc.SqlScriptsTestExecutionListener, org.springframework.test.context.event.EventPublishingTestExecutionListener]
2022-04-13 12:21:47.828  INFO 9184 --- [    Test worker] .b.t.c.SpringBootTestContextBootstrapper : Using TestExecutionListeners: [org.springframework.test.context.web.ServletTestExecutionListener@2ef10e35, org.springframework.test.context.support.DirtiesContextBeforeModesTestExecutionListener@6a8d7eff, org.springframework.test.context.event.ApplicationEventsTestExecutionListener@6bbc208d, org.springframework.boot.test.mock.mockito.MockitoTestExecutionListener@58d182bb, org.springframework.boot.test.autoconfigure.SpringBootDependencyInjectionTestExecutionListener@7ef7bf32, org.springframework.test.context.support.DirtiesContextTestExecutionListener@7f8c4c95, org.springframework.test.context.event.EventPublishingTestExecutionListener@753eb3a1, org.springframework.boot.test.autoconfigure.restdocs.RestDocsTestExecutionListener@21ae23e7, org.springframework.boot.test.autoconfigure.web.client.MockRestServiceServerResetTestExecutionListener@626306cf, org.springframework.boot.test.autoconfigure.web.servlet.MockMvcPrintOnlyOnFailureTestExecutionListener@7f9616f2, org.springframework.boot.test.autoconfigure.web.servlet.WebDriverTestExecutionListener@7fb5111a, org.springframework.boot.test.autoconfigure.webservices.client.MockWebServiceServerTestExecutionListener@2f54b410, org.springframework.boot.test.mock.mockito.ResetMocksTestExecutionListener@55fb9a4b]
]]></system-out>
  <system-err><![CDATA[]]></system-err>
</testsuite>
