<?xml version="1.0" encoding="UTF-8"?>
<testsuite name="microserviceTrip.services.TripServiceTest" tests="2" skipped="0" failures="0" errors="0" timestamp="2022-03-21T11:21:30" hostname="F_WARMACHINE" time="0.867">
  <properties/>
  <testcase name="getTripNameTest()" classname="microserviceTrip.services.TripServiceTest" time="0.846"/>
  <testcase name="getTripPrices()" classname="microserviceTrip.services.TripServiceTest" time="0.019"/>
  <system-out><![CDATA[12:21:24.552 [Test worker] DEBUG org.springframework.test.context.BootstrapUtils - Instantiating CacheAwareContextLoaderDelegate from class [org.springframework.test.context.cache.DefaultCacheAwareContextLoaderDelegate]
12:21:24.593 [Test worker] DEBUG org.springframework.test.context.BootstrapUtils - Instantiating BootstrapContext using constructor [public org.springframework.test.context.support.DefaultBootstrapContext(java.lang.Class,org.springframework.test.context.CacheAwareContextLoaderDelegate)]
12:21:24.697 [Test worker] DEBUG org.springframework.test.context.BootstrapUtils - Instantiating TestContextBootstrapper for test class [microserviceTrip.services.TripServiceTest] from class [org.springframework.boot.test.context.SpringBootTestContextBootstrapper]
12:21:24.726 [Test worker] INFO org.springframework.boot.test.context.SpringBootTestContextBootstrapper - Neither @ContextConfiguration nor @ContextHierarchy found for test class [microserviceTrip.services.TripServiceTest], using SpringBootContextLoader
12:21:24.738 [Test worker] DEBUG org.springframework.test.context.support.AbstractContextLoader - Did not detect default resource location for test class [microserviceTrip.services.TripServiceTest]: class path resource [microserviceTrip/services/TripServiceTest-context.xml] does not exist
12:21:24.739 [Test worker] DEBUG org.springframework.test.context.support.AbstractContextLoader - Did not detect default resource location for test class [microserviceTrip.services.TripServiceTest]: class path resource [microserviceTrip/services/TripServiceTestContext.groovy] does not exist
12:21:24.740 [Test worker] INFO org.springframework.test.context.support.AbstractContextLoader - Could not detect default resource locations for test class [microserviceTrip.services.TripServiceTest]: no resource found for suffixes {-context.xml, Context.groovy}.
12:21:24.742 [Test worker] INFO org.springframework.test.context.support.AnnotationConfigContextLoaderUtils - Could not detect default configuration classes for test class [microserviceTrip.services.TripServiceTest]: TripServiceTest does not declare any static, non-private, non-final, nested classes annotated with @Configuration.
12:21:24.853 [Test worker] DEBUG org.springframework.test.context.support.ActiveProfilesUtils - Could not find an 'annotation declaring class' for annotation type [org.springframework.test.context.ActiveProfiles] and class [microserviceTrip.services.TripServiceTest]
12:21:25.027 [Test worker] DEBUG org.springframework.context.annotation.ClassPathScanningCandidateComponentProvider - Identified candidate component class: file [E:\Users\Francky Malliet\git\microserviceTrip\microserviceTrip\microservice-trip\build\classes\java\main\microserviceTrip\MicroserviceTripApplication.class]
12:21:25.029 [Test worker] INFO org.springframework.boot.test.context.SpringBootTestContextBootstrapper - Found @SpringBootConfiguration microserviceTrip.MicroserviceTripApplication for test class microserviceTrip.services.TripServiceTest
12:21:25.276 [Test worker] DEBUG org.springframework.boot.test.context.SpringBootTestContextBootstrapper - @TestExecutionListeners is not present for class [microserviceTrip.services.TripServiceTest]: using defaults.
12:21:25.278 [Test worker] INFO org.springframework.boot.test.context.SpringBootTestContextBootstrapper - Loaded default TestExecutionListener class names from location [META-INF/spring.factories]: [org.springframework.boot.test.autoconfigure.restdocs.RestDocsTestExecutionListener, org.springframework.boot.test.autoconfigure.web.client.MockRestServiceServerResetTestExecutionListener, org.springframework.boot.test.autoconfigure.web.servlet.MockMvcPrintOnlyOnFailureTestExecutionListener, org.springframework.boot.test.autoconfigure.web.servlet.WebDriverTestExecutionListener, org.springframework.boot.test.autoconfigure.webservices.client.MockWebServiceServerTestExecutionListener, org.springframework.boot.test.mock.mockito.MockitoTestExecutionListener, org.springframework.boot.test.mock.mockito.ResetMocksTestExecutionListener, org.springframework.test.context.web.ServletTestExecutionListener, org.springframework.test.context.support.DirtiesContextBeforeModesTestExecutionListener, org.springframework.test.context.event.ApplicationEventsTestExecutionListener, org.springframework.test.context.support.DependencyInjectionTestExecutionListener, org.springframework.test.context.support.DirtiesContextTestExecutionListener, org.springframework.test.context.transaction.TransactionalTestExecutionListener, org.springframework.test.context.jdbc.SqlScriptsTestExecutionListener, org.springframework.test.context.event.EventPublishingTestExecutionListener]
12:21:25.313 [Test worker] DEBUG org.springframework.boot.test.context.SpringBootTestContextBootstrapper - Skipping candidate TestExecutionListener [org.springframework.test.context.transaction.TransactionalTestExecutionListener] due to a missing dependency. Specify custom listener classes or make the default listener classes and their required dependencies available. Offending class: [org/springframework/transaction/interceptor/TransactionAttributeSource]
12:21:25.314 [Test worker] DEBUG org.springframework.boot.test.context.SpringBootTestContextBootstrapper - Skipping candidate TestExecutionListener [org.springframework.test.context.jdbc.SqlScriptsTestExecutionListener] due to a missing dependency. Specify custom listener classes or make the default listener classes and their required dependencies available. Offending class: [org/springframework/transaction/interceptor/TransactionAttribute]
12:21:25.315 [Test worker] INFO org.springframework.boot.test.context.SpringBootTestContextBootstrapper - Using TestExecutionListeners: [org.springframework.test.context.web.ServletTestExecutionListener@48a96088, org.springframework.test.context.support.DirtiesContextBeforeModesTestExecutionListener@3d02e1db, org.springframework.test.context.event.ApplicationEventsTestExecutionListener@71d469a6, org.springframework.boot.test.mock.mockito.MockitoTestExecutionListener@72a93175, org.springframework.boot.test.autoconfigure.SpringBootDependencyInjectionTestExecutionListener@7107a288, org.springframework.test.context.support.DirtiesContextTestExecutionListener@5b21894a, org.springframework.test.context.event.EventPublishingTestExecutionListener@9ea52d1, org.springframework.boot.test.autoconfigure.restdocs.RestDocsTestExecutionListener@3273f800, org.springframework.boot.test.autoconfigure.web.client.MockRestServiceServerResetTestExecutionListener@7eac0f24, org.springframework.boot.test.autoconfigure.web.servlet.MockMvcPrintOnlyOnFailureTestExecutionListener@2910a262, org.springframework.boot.test.autoconfigure.web.servlet.WebDriverTestExecutionListener@72b7014b, org.springframework.boot.test.autoconfigure.webservices.client.MockWebServiceServerTestExecutionListener@5fa954e5, org.springframework.boot.test.mock.mockito.ResetMocksTestExecutionListener@41e2a51b]
12:21:25.326 [Test worker] DEBUG org.springframework.test.context.support.AbstractDirtiesContextTestExecutionListener - Before test class: context [DefaultTestContext@5080dc37 testClass = TripServiceTest, testInstance = [null], testMethod = [null], testException = [null], mergedContextConfiguration = [WebMergedContextConfiguration@2f1f1899 testClass = TripServiceTest, locations = '{}', classes = '{class microserviceTrip.MicroserviceTripApplication}', contextInitializerClasses = '[]', activeProfiles = '{}', propertySourceLocations = '{}', propertySourceProperties = '{org.springframework.boot.test.context.SpringBootTestContextBootstrapper=true}', contextCustomizers = set[org.springframework.boot.test.autoconfigure.actuate.metrics.MetricsExportContextCustomizerFactory$DisableMetricExportContextCustomizer@769c911e, org.springframework.boot.test.autoconfigure.properties.PropertyMappingContextCustomizer@0, org.springframework.boot.test.autoconfigure.web.servlet.WebDriverContextCustomizerFactory$Customizer@7feadec1, org.springframework.boot.test.context.filter.ExcludeFilterContextCustomizer@4c1f9573, org.springframework.boot.test.json.DuplicateJsonObjectContextCustomizerFactory$DuplicateJsonObjectContextCustomizer@53e7f581, org.springframework.boot.test.mock.mockito.MockitoContextCustomizer@0, org.springframework.boot.test.web.client.TestRestTemplateContextCustomizer@4141ce61, org.springframework.boot.test.context.SpringBootTestArgs@1, org.springframework.boot.test.context.SpringBootTestWebEnvironment@77c4bb71], resourceBasePath = 'src/main/webapp', contextLoader = 'org.springframework.boot.test.context.SpringBootContextLoader', parent = [null]], attributes = map['org.springframework.test.context.web.ServletTestExecutionListener.activateListener' -> true]], class annotated with @DirtiesContext [false] with mode [null].

  .   ____          _            __ _ _
 /\\ / ___'_ __ _ _(_)_ __  __ _ \ \ \ \
( ( )\___ | '_ | '_| | '_ \/ _` | \ \ \ \
 \\/  ___)| |_)| | | | | || (_| |  ) ) ) )
  '  |____| .__|_| |_|_| |_\__, | / / / /
 =========|_|==============|___/=/_/_/_/
 :: Spring Boot ::                (v2.6.3)

2022-03-21 12:21:26.100  INFO 10480 --- [    Test worker] m.services.TripServiceTest               : Starting TripServiceTest using Java 16.0.1 on F_WarMachine with PID 10480 (started by Francky Malliet in E:\Users\Francky Malliet\git\microserviceTrip\microserviceTrip\microservice-trip)
2022-03-21 12:21:26.102  INFO 10480 --- [    Test worker] m.services.TripServiceTest               : No active profile set, falling back to default profiles: default
2022-03-21 12:21:30.298  INFO 10480 --- [    Test worker] o.s.b.a.e.web.EndpointLinksResolver      : Exposing 1 endpoint(s) beneath base path '/actuator'
2022-03-21 12:21:30.392  INFO 10480 --- [    Test worker] m.services.TripServiceTest               : Started TripServiceTest in 4.974 seconds (JVM running for 7.835)
]]></system-out>
  <system-err><![CDATA[]]></system-err>
</testsuite>
